0-->(67,ADS)   (56,AR)   (97,ASR)   (56,AV)   (51,BIO1)   (57,BIO2)   (52,COPT)   (99,DAPA)   (65,DISS)   (68,EXC)   (56,IAML)   (63,INF1-CG)   (48,IRR)   (86,NIP)   (64,PPLS)   (53,RTN)	
1-->(48,BIO1)   (71,COC)   (63,COPT)   (66,DAPA)   (79,HCI)   (95,INF2D)   (44,IRR)   (84,NIP)   (41,PM)   (91,PPLS)   (93,TTS)	
2-->(59,ABS)   (64,ADBS)   (48,COC)   (68,DISS)   (55,ES)   (65,IAML)   (47,IRP)   (80,IRR)   (90,NIP)   (96,PPLS)	
3-->(75,ADS)   (97,CCN)   (43,CT)   (61,DISS)   (47,EXC)   (40,HCI)   (61,INF2D)	
4-->(47,ADBS)   (42,ADS)   (100,AGTA)   (69,BIO1)   (66,DAPA)   (65,DMR)   (93,EXC)   (79,IRR)   (43,SLIP)   (54,TDD)   (81,TTS)	
5-->(51,ASR)   (71,AV)   (92,CCN)   (61,COC)   (68,ES)   (87,IJP)   (50,INF2D)   (95,IRP)   (81,IRR)   (72,PPLS)   (46,SLIP)	
6-->(42,ABS)   (93,ANLP)   (90,AR)   (56,CT)   (60,NIP)   (75,PPLS)   (93,TTS)	
7-->(75,ABS)   (79,ADBS)   (47,AGTA)   (84,ANLP)   (42,ASR)   (84,CCN)   (81,COC)   (56,COPT)   (93,CT)   (51,DMR)   (100,IJP)   (45,PPLS)   (93,SLIP)	
8-->(54,AGTA)   (41,ANLP)   (80,BIO2)   (62,COC)   (67,IAML)   (59,IRR)   (49,TTS)	
9-->(68,ADS)   (59,AR)   (93,AV)   (67,CCN)   (91,INF2D)   (85,NIP)   (41,TDD)   (66,TTS)	
10-->(82,ADS)   (54,ANLP)   (72,AR)   (42,ASR)   (92,BIO1)   (75,BIO2)   (69,COPT)   (88,CT)   (86,DMR)   (50,RTN)	
11-->(84,ANLP)   (59,BIO1)   (48,BIO2)   (100,CT)   (69,ES)   (42,IJP)   (65,TDD)   (40,TTS)	
12-->(66,AGTA)   (95,ANLP)   (89,ASR)   (50,BIO2)   (97,COC)   (70,DAPA)   (55,DMR)   (66,IAML)   (87,INF2D)   (56,TDD)	
13-->(71,ABS)   (42,ADBS)   (93,BIO2)   (83,CCN)   (54,DISS)   (86,PM)   (69,SLIP)   (55,TTS)	
14-->(98,ADS)   (59,AR)   (51,ASR)   (64,BIO1)   (80,CCN)   (71,EXC)   (87,IJP)   (86,INF1-CG)   (94,INF2D)   (92,IRP)	
15-->(88,ADS)   (92,AGTA)   (62,BIO2)   (76,COPT)   (66,IJP)   (50,INF2D)   (89,IRR)   (74,TDD)   (52,TTS)	
16-->(57,ASR)   (52,BIO1)   (88,COC)   (75,DAPA)   (60,DISS)   (68,RTN)   (72,SLIP)   (95,TDD)	
17-->(66,ADS)   (42,CCN)   (73,DAPA)   (54,ES)   (72,EXC)   (41,IJP)   (61,INF1-CG)   (90,INF2D)	
18-->(41,ABS)   (67,AGTA)   (97,BIO1)   (92,BIO2)   (77,CCN)   (77,COC)   (44,IJP)   (72,INF1-CG)   (83,IRR)   (48,NIP)   (63,PPLS)   (99,TTS)	
19-->(85,ABS)   (69,AR)   (92,ASR)   (47,COPT)   (75,DMR)   (92,EXC)   (59,IJP)   (62,NIP)   (87,PPLS)	
